2016/01/05 14:15:39 [error] [exception.CException] exception 'CException' with message 'CAssetManager.basePath "/var/www/html/erp/assets" is invalid. Please make sure the directory exists and is writable by the Web server process.' in /var/www/html/yii_1_1_14/web/CAssetManager.php:138
Stack trace:
#0 /var/www/html/yii_1_1_14/web/CAssetManager.php(123): CAssetManager->setBasePath('/var/www/html/e...')
#1 /var/www/html/yii_1_1_14/web/CAssetManager.php(217): CAssetManager->getBasePath()
#2 /var/www/html/yii_1_1_14/web/CClientScript.php(510): CAssetManager->publish('/var/www/html/y...')
#3 /var/www/html/yii_1_1_14/web/CClientScript.php(547): CClientScript->getCoreScriptUrl()
#4 /var/www/html/yii_1_1_14/web/CClientScript.php(348): CClientScript->getPackageBaseUrl('jquery')
#5 /var/www/html/yii_1_1_14/web/CClientScript.php(208): CClientScript->renderCoreScripts()
#6 /var/www/html/yii_1_1_14/web/CController.php(351): CClientScript->render('<!DOCTYPE html ...')
#7 /var/www/html/yii_1_1_14/web/CController.php(788): CController->processOutput('<!DOCTYPE html ...')
#8 /var/www/html/erp/protected/controllers/SiteController.php(98): CController->render('login', Array)
#9 /var/www/html/yii_1_1_14/web/actions/CInlineAction.php(49): SiteController->actionLogin()
#10 /var/www/html/yii_1_1_14/web/CController.php(308): CInlineAction->runWithParams(Array)
#11 /var/www/html/yii_1_1_14/web/CController.php(286): CController->runAction(Object(CInlineAction))
#12 /var/www/html/yii_1_1_14/web/CController.php(265): CController->runActionWithFilters(Object(CInlineAction), Array)
#13 /var/www/html/yii_1_1_14/web/CWebApplication.php(282): CController->run('login')
#14 /var/www/html/yii_1_1_14/web/CWebApplication.php(141): CWebApplication->runController('site/login')
#15 /var/www/html/yii_1_1_14/base/CApplication.php(180): CWebApplication->processRequest()
#16 /var/www/html/erp/index.php(13): CApplication->run()
#17 {main}
REQUEST_URI=/erp/index.php?r=site/login
HTTP_REFERER=http://localhost/erp/
---
2016/01/05 14:15:53 [error] [exception.CException] exception 'CException' with message 'CAssetManager.basePath "/var/www/html/erp/assets" is invalid. Please make sure the directory exists and is writable by the Web server process.' in /var/www/html/yii_1_1_14/web/CAssetManager.php:138
Stack trace:
#0 /var/www/html/yii_1_1_14/web/CAssetManager.php(123): CAssetManager->setBasePath('/var/www/html/e...')
#1 /var/www/html/yii_1_1_14/web/CAssetManager.php(217): CAssetManager->getBasePath()
#2 /var/www/html/yii_1_1_14/web/CClientScript.php(510): CAssetManager->publish('/var/www/html/y...')
#3 /var/www/html/yii_1_1_14/web/CClientScript.php(547): CClientScript->getCoreScriptUrl()
#4 /var/www/html/yii_1_1_14/web/CClientScript.php(348): CClientScript->getPackageBaseUrl('jquery')
#5 /var/www/html/yii_1_1_14/web/CClientScript.php(208): CClientScript->renderCoreScripts()
#6 /var/www/html/yii_1_1_14/web/CController.php(351): CClientScript->render('<!DOCTYPE html ...')
#7 /var/www/html/yii_1_1_14/web/CController.php(788): CController->processOutput('<!DOCTYPE html ...')
#8 /var/www/html/erp/protected/controllers/SiteController.php(98): CController->render('login', Array)
#9 /var/www/html/yii_1_1_14/web/actions/CInlineAction.php(49): SiteController->actionLogin()
#10 /var/www/html/yii_1_1_14/web/CController.php(308): CInlineAction->runWithParams(Array)
#11 /var/www/html/yii_1_1_14/web/CController.php(286): CController->runAction(Object(CInlineAction))
#12 /var/www/html/yii_1_1_14/web/CController.php(265): CController->runActionWithFilters(Object(CInlineAction), Array)
#13 /var/www/html/yii_1_1_14/web/CWebApplication.php(282): CController->run('login')
#14 /var/www/html/yii_1_1_14/web/CWebApplication.php(141): CWebApplication->runController('site/login')
#15 /var/www/html/yii_1_1_14/base/CApplication.php(180): CWebApplication->processRequest()
#16 /var/www/html/erp/index.php(13): CApplication->run()
#17 {main}
REQUEST_URI=/erp/index.php?r=site/login
HTTP_REFERER=http://localhost/erp/
---
2016/01/05 14:49:20 [error] [system.db.CDbCommand] CDbCommand::fetchAll() failed: SQLSTATE[42S02]: Base table or view not found: 1146 Table 'erp.tbl_migration' doesn't exist. The SQL statement executed was: SHOW FULL COLUMNS FROM `tbl_migration`.
2016/01/05 15:00:32 [error] [exception.CException] exception 'CException' with message 'Alias "bootstrap.widgets.TbMenu" is invalid. Make sure it points to an existing directory or file.' in /var/www/html/yii_1_1_14/YiiBase.php:347
Stack trace:
#0 /var/www/html/yii_1_1_14/web/CWidgetFactory.php(146): YiiBase::import('bootstrap.widge...', true)
#1 /var/www/html/yii_1_1_14/web/CBaseController.php(146): CWidgetFactory->createWidget(Object(ClienteController), 'bootstrap.widge...', Array)
#2 /var/www/html/yii_1_1_14/web/CBaseController.php(172): CBaseController->createWidget('bootstrap.widge...', Array)
#3 /var/www/html/erp/protected/views/layouts/main.php(38): CBaseController->widget('bootstrap.widge...', Array)
#4 /var/www/html/yii_1_1_14/web/CBaseController.php(126): require('/var/www/html/e...')
#5 /var/www/html/yii_1_1_14/web/CBaseController.php(95): CBaseController->renderInternal('/var/www/html/e...', Array, true)
#6 /var/www/html/yii_1_1_14/web/widgets/CContentDecorator.php(76): CBaseController->renderFile('/var/www/html/e...', Array, true)
#7 /var/www/html/yii_1_1_14/web/widgets/CContentDecorator.php(54): CContentDecorator->decorate('<div class="spa...')
#8 /var/www/html/yii_1_1_14/web/widgets/COutputProcessor.php(44): CContentDecorator->processOutput('<div class="spa...')
#9 /var/www/html/yii_1_1_14/web/CBaseController.php(206): COutputProcessor->run()
#10 /var/www/html/yii_1_1_14/web/CBaseController.php(300): CBaseController->endWidget('CContentDecorat...')
#11 /var/www/html/erp/protected/views/layouts/column2.php(22): CBaseController->endContent()
#12 /var/www/html/yii_1_1_14/web/CBaseController.php(126): require('/var/www/html/e...')
#13 /var/www/html/yii_1_1_14/web/CBaseController.php(95): CBaseController->renderInternal('/var/www/html/e...', Array, true)
#14 /var/www/html/yii_1_1_14/web/CController.php(784): CBaseController->renderFile('/var/www/html/e...', Array, true)
#15 /var/www/html/erp/protected/controllers/ClienteController.php(79): CController->render('create', Array)
#16 /var/www/html/yii_1_1_14/web/actions/CInlineAction.php(49): ClienteController->actionCreate()
#17 /var/www/html/yii_1_1_14/web/CController.php(308): CInlineAction->runWithParams(Array)
#18 /var/www/html/yii_1_1_14/web/filters/CFilterChain.php(133): CController->runAction(Object(CInlineAction))
#19 /var/www/html/yii_1_1_14/web/filters/CFilter.php(40): CFilterChain->run()
#20 /var/www/html/yii_1_1_14/web/CController.php(1145): CFilter->filter(Object(CFilterChain))
#21 /var/www/html/yii_1_1_14/web/filters/CInlineFilter.php(58): CController->filterAccessControl(Object(CFilterChain))
#22 /var/www/html/yii_1_1_14/web/filters/CFilterChain.php(130): CInlineFilter->filter(Object(CFilterChain))
#23 /var/www/html/yii_1_1_14/web/CController.php(291): CFilterChain->run()
#24 /var/www/html/yii_1_1_14/web/CController.php(265): CController->runActionWithFilters(Object(CInlineAction), Array)
#25 /var/www/html/yii_1_1_14/web/CWebApplication.php(282): CController->run('create')
#26 /var/www/html/yii_1_1_14/web/CWebApplication.php(141): CWebApplication->runController('cliente/create')
#27 /var/www/html/yii_1_1_14/base/CApplication.php(180): CWebApplication->processRequest()
#28 /var/www/html/erp/index.php(13): CApplication->run()
#29 {main}
REQUEST_URI=/erp/index.php?r=cliente/create
---
2016/01/05 15:10:55 [error] [php] Undefined variable: alt (/var/www/html/erp/protected/views/layouts/main.php:26)
Stack trace:
#0 /var/www/html/yii_1_1_14/web/widgets/CContentDecorator.php(76): ClienteController->renderFile()
#1 /var/www/html/yii_1_1_14/web/widgets/CContentDecorator.php(54): CContentDecorator->decorate()
#2 /var/www/html/yii_1_1_14/web/widgets/COutputProcessor.php(44): CContentDecorator->processOutput()
#3 /var/www/html/yii_1_1_14/web/CBaseController.php(206): CContentDecorator->run()
#4 /var/www/html/yii_1_1_14/web/CBaseController.php(300): ClienteController->endWidget()
#5 /var/www/html/erp/protected/views/layouts/column2.php(22): ClienteController->endContent()
#6 /var/www/html/yii_1_1_14/web/CBaseController.php(126): require()
#7 /var/www/html/yii_1_1_14/web/CBaseController.php(95): ClienteController->renderInternal()
#8 /var/www/html/yii_1_1_14/web/CController.php(784): ClienteController->renderFile()
#9 /var/www/html/erp/protected/controllers/ClienteController.php(79): ClienteController->render()
#10 /var/www/html/yii_1_1_14/web/actions/CInlineAction.php(49): ClienteController->actionCreate()
#11 /var/www/html/yii_1_1_14/web/CController.php(308): CInlineAction->runWithParams()
#12 /var/www/html/yii_1_1_14/web/filters/CFilterChain.php(133): ClienteController->runAction()
#13 /var/www/html/yii_1_1_14/web/filters/CFilter.php(40): CFilterChain->run()
#14 /var/www/html/yii_1_1_14/web/CController.php(1145): CAccessControlFilter->filter()
#15 /var/www/html/yii_1_1_14/web/filters/CInlineFilter.php(58): ClienteController->filterAccessControl()
#16 /var/www/html/yii_1_1_14/web/filters/CFilterChain.php(130): CInlineFilter->filter()
#17 /var/www/html/yii_1_1_14/web/CController.php(291): CFilterChain->run()
#18 /var/www/html/yii_1_1_14/web/CController.php(265): ClienteController->runActionWithFilters()
#19 /var/www/html/yii_1_1_14/web/CWebApplication.php(282): ClienteController->run()
#20 /var/www/html/yii_1_1_14/web/CWebApplication.php(141): CWebApplication->runController()
#21 /var/www/html/yii_1_1_14/base/CApplication.php(180): CWebApplication->processRequest()
#22 /var/www/html/erp/index.php(13): CWebApplication->run()
REQUEST_URI=/erp/index.php?r=cliente/create
in /var/www/html/erp/protected/views/layouts/main.php (26)
in /var/www/html/erp/protected/views/layouts/column2.php (22)
in /var/www/html/erp/protected/controllers/ClienteController.php (79)
2016/01/05 15:27:35 [error] [exception.CException] exception 'CException' with message 'The attribute must be specified in the format of "Name:Type:Label", where "Type" and "Label" are optional.' in /var/www/html/yii_1_1_14/zii/widgets/CDetailView.php:183
Stack trace:
#0 /var/www/html/yii_1_1_14/web/CBaseController.php(173): CDetailView->run()
#1 /var/www/html/erp/protected/views/cliente/view.php(36): CBaseController->widget('zii.widgets.CDe...', Array)
#2 /var/www/html/yii_1_1_14/web/CBaseController.php(126): require('/var/www/html/e...')
#3 /var/www/html/yii_1_1_14/web/CBaseController.php(95): CBaseController->renderInternal('/var/www/html/e...', Array, true)
#4 /var/www/html/yii_1_1_14/web/CController.php(869): CBaseController->renderFile('/var/www/html/e...', Array, true)
#5 /var/www/html/yii_1_1_14/web/CController.php(782): CController->renderPartial('view', Array, true)
#6 /var/www/html/erp/protected/controllers/ClienteController.php(53): CController->render('view', Array)
#7 [internal function]: ClienteController->actionView('1')
#8 /var/www/html/yii_1_1_14/web/actions/CAction.php(108): ReflectionMethod->invokeArgs(Object(ClienteController), Array)
#9 /var/www/html/yii_1_1_14/web/actions/CInlineAction.php(47): CAction->runWithParamsInternal(Object(ClienteController), Object(ReflectionMethod), Array)
#10 /var/www/html/yii_1_1_14/web/CController.php(308): CInlineAction->runWithParams(Array)
#11 /var/www/html/yii_1_1_14/web/filters/CFilterChain.php(133): CController->runAction(Object(CInlineAction))
#12 /var/www/html/yii_1_1_14/web/filters/CFilter.php(40): CFilterChain->run()
#13 /var/www/html/yii_1_1_14/web/CController.php(1145): CFilter->filter(Object(CFilterChain))
#14 /var/www/html/yii_1_1_14/web/filters/CInlineFilter.php(58): CController->filterAccessControl(Object(CFilterChain))
#15 /var/www/html/yii_1_1_14/web/filters/CFilterChain.php(130): CInlineFilter->filter(Object(CFilterChain))
#16 /var/www/html/yii_1_1_14/web/CController.php(291): CFilterChain->run()
#17 /var/www/html/yii_1_1_14/web/CController.php(265): CController->runActionWithFilters(Object(CInlineAction), Array)
#18 /var/www/html/yii_1_1_14/web/CWebApplication.php(282): CController->run('view')
#19 /var/www/html/yii_1_1_14/web/CWebApplication.php(141): CWebApplication->runController('cliente/view')
#20 /var/www/html/yii_1_1_14/base/CApplication.php(180): CWebApplication->processRequest()
#21 /var/www/html/erp/index.php(13): CApplication->run()
#22 {main}
REQUEST_URI=/erp/index.php?r=cliente/view&id=1
HTTP_REFERER=http://localhost/erp/index.php?r=cliente/create
---
2016/01/05 15:28:07 [error] [exception.CException] exception 'CException' with message 'CActiveForm and its behaviors do not have a method or closure named "emailFaield".' in /var/www/html/yii_1_1_14/base/CComponent.php:266
Stack trace:
#0 /var/www/html/erp/protected/views/cliente/_form.php(20): CComponent->__call('emailFaield', Array)
#1 /var/www/html/erp/protected/views/cliente/_form.php(20): CActiveForm->emailFaield(Object(Cliente), 'email', Array)
#2 /var/www/html/yii_1_1_14/web/CBaseController.php(126): require('/var/www/html/e...')
#3 /var/www/html/yii_1_1_14/web/CBaseController.php(95): CBaseController->renderInternal('/var/www/html/e...', Array, true)
#4 /var/www/html/yii_1_1_14/web/CController.php(869): CBaseController->renderFile('/var/www/html/e...', Array, true)
#5 /var/www/html/erp/protected/views/cliente/create.php(18): CController->renderPartial('_form', Array)
#6 /var/www/html/yii_1_1_14/web/CBaseController.php(126): require('/var/www/html/e...')
#7 /var/www/html/yii_1_1_14/web/CBaseController.php(95): CBaseController->renderInternal('/var/www/html/e...', Array, true)
#8 /var/www/html/yii_1_1_14/web/CController.php(869): CBaseController->renderFile('/var/www/html/e...', Array, true)
#9 /var/www/html/yii_1_1_14/web/CController.php(782): CController->renderPartial('create', Array, true)
#10 /var/www/html/erp/protected/controllers/ClienteController.php(75): CController->render('create', Array)
#11 /var/www/html/yii_1_1_14/web/actions/CInlineAction.php(49): ClienteController->actionCreate()
#12 /var/www/html/yii_1_1_14/web/CController.php(308): CInlineAction->runWithParams(Array)
#13 /var/www/html/yii_1_1_14/web/filters/CFilterChain.php(133): CController->runAction(Object(CInlineAction))
#14 /var/www/html/yii_1_1_14/web/filters/CFilter.php(40): CFilterChain->run()
#15 /var/www/html/yii_1_1_14/web/CController.php(1145): CFilter->filter(Object(CFilterChain))
#16 /var/www/html/yii_1_1_14/web/filters/CInlineFilter.php(58): CController->filterAccessControl(Object(CFilterChain))
#17 /var/www/html/yii_1_1_14/web/filters/CFilterChain.php(130): CInlineFilter->filter(Object(CFilterChain))
#18 /var/www/html/yii_1_1_14/web/CController.php(291): CFilterChain->run()
#19 /var/www/html/yii_1_1_14/web/CController.php(265): CController->runActionWithFilters(Object(CInlineAction), Array)
#20 /var/www/html/yii_1_1_14/web/CWebApplication.php(282): CController->run('create')
#21 /var/www/html/yii_1_1_14/web/CWebApplication.php(141): CWebApplication->runController('cliente/create')
#22 /var/www/html/yii_1_1_14/base/CApplication.php(180): CWebApplication->processRequest()
#23 /var/www/html/erp/index.php(13): CApplication->run()
#24 {main}
REQUEST_URI=/erp/index.php?r=cliente/create
HTTP_REFERER=http://localhost/erp/index.php?r=site/login
---
2016/01/05 15:29:27 [error] [exception.CException] exception 'CException' with message 'The attribute must be specified in the format of "Name:Type:Label", where "Type" and "Label" are optional.' in /var/www/html/yii_1_1_14/zii/widgets/CDetailView.php:183
Stack trace:
#0 /var/www/html/yii_1_1_14/web/CBaseController.php(173): CDetailView->run()
#1 /var/www/html/erp/protected/views/cliente/view.php(36): CBaseController->widget('zii.widgets.CDe...', Array)
#2 /var/www/html/yii_1_1_14/web/CBaseController.php(126): require('/var/www/html/e...')
#3 /var/www/html/yii_1_1_14/web/CBaseController.php(95): CBaseController->renderInternal('/var/www/html/e...', Array, true)
#4 /var/www/html/yii_1_1_14/web/CController.php(869): CBaseController->renderFile('/var/www/html/e...', Array, true)
#5 /var/www/html/yii_1_1_14/web/CController.php(782): CController->renderPartial('view', Array, true)
#6 /var/www/html/erp/protected/controllers/ClienteController.php(53): CController->render('view', Array)
#7 [internal function]: ClienteController->actionView('2')
#8 /var/www/html/yii_1_1_14/web/actions/CAction.php(108): ReflectionMethod->invokeArgs(Object(ClienteController), Array)
#9 /var/www/html/yii_1_1_14/web/actions/CInlineAction.php(47): CAction->runWithParamsInternal(Object(ClienteController), Object(ReflectionMethod), Array)
#10 /var/www/html/yii_1_1_14/web/CController.php(308): CInlineAction->runWithParams(Array)
#11 /var/www/html/yii_1_1_14/web/filters/CFilterChain.php(133): CController->runAction(Object(CInlineAction))
#12 /var/www/html/yii_1_1_14/web/filters/CFilter.php(40): CFilterChain->run()
#13 /var/www/html/yii_1_1_14/web/CController.php(1145): CFilter->filter(Object(CFilterChain))
#14 /var/www/html/yii_1_1_14/web/filters/CInlineFilter.php(58): CController->filterAccessControl(Object(CFilterChain))
#15 /var/www/html/yii_1_1_14/web/filters/CFilterChain.php(130): CInlineFilter->filter(Object(CFilterChain))
#16 /var/www/html/yii_1_1_14/web/CController.php(291): CFilterChain->run()
#17 /var/www/html/yii_1_1_14/web/CController.php(265): CController->runActionWithFilters(Object(CInlineAction), Array)
#18 /var/www/html/yii_1_1_14/web/CWebApplication.php(282): CController->run('view')
#19 /var/www/html/yii_1_1_14/web/CWebApplication.php(141): CWebApplication->runController('cliente/view')
#20 /var/www/html/yii_1_1_14/base/CApplication.php(180): CWebApplication->processRequest()
#21 /var/www/html/erp/index.php(13): CApplication->run()
#22 {main}
REQUEST_URI=/erp/index.php?r=cliente/view&id=2
HTTP_REFERER=http://localhost/erp/index.php?r=cliente/create
---
2016/01/05 15:56:26 [error] [php] Missing argument 3 for CHtml::listData(), called in /var/www/html/erp/protected/views/cliente/_form.php on line 39 and defined (/var/www/html/yii_1_1_14/web/helpers/CHtml.php:2073)
Stack trace:
#0 /var/www/html/yii_1_1_14/web/CBaseController.php(95): ClienteController->renderInternal()
#1 /var/www/html/yii_1_1_14/web/CController.php(869): ClienteController->renderFile()
#2 /var/www/html/erp/protected/views/cliente/create.php(18): ClienteController->renderPartial()
#3 /var/www/html/yii_1_1_14/web/CBaseController.php(126): require()
#4 /var/www/html/yii_1_1_14/web/CBaseController.php(95): ClienteController->renderInternal()
#5 /var/www/html/yii_1_1_14/web/CController.php(869): ClienteController->renderFile()
#6 /var/www/html/yii_1_1_14/web/CController.php(782): ClienteController->renderPartial()
#7 /var/www/html/erp/protected/controllers/ClienteController.php(75): ClienteController->render()
#8 /var/www/html/yii_1_1_14/web/actions/CInlineAction.php(49): ClienteController->actionCreate()
#9 /var/www/html/yii_1_1_14/web/CController.php(308): CInlineAction->runWithParams()
#10 /var/www/html/yii_1_1_14/web/filters/CFilterChain.php(133): ClienteController->runAction()
#11 /var/www/html/yii_1_1_14/web/filters/CFilter.php(40): CFilterChain->run()
#12 /var/www/html/yii_1_1_14/web/CController.php(1145): CAccessControlFilter->filter()
#13 /var/www/html/yii_1_1_14/web/filters/CInlineFilter.php(58): ClienteController->filterAccessControl()
#14 /var/www/html/yii_1_1_14/web/filters/CFilterChain.php(130): CInlineFilter->filter()
#15 /var/www/html/yii_1_1_14/web/CController.php(291): CFilterChain->run()
#16 /var/www/html/yii_1_1_14/web/CController.php(265): ClienteController->runActionWithFilters()
#17 /var/www/html/yii_1_1_14/web/CWebApplication.php(282): ClienteController->run()
#18 /var/www/html/yii_1_1_14/web/CWebApplication.php(141): CWebApplication->runController()
#19 /var/www/html/yii_1_1_14/base/CApplication.php(180): CWebApplication->processRequest()
#20 /var/www/html/erp/index.php(13): CWebApplication->run()
REQUEST_URI=/erp/index.php?r=cliente/create
in /var/www/html/erp/protected/views/cliente/_form.php (39)
in /var/www/html/erp/protected/views/cliente/create.php (18)
in /var/www/html/erp/protected/controllers/ClienteController.php (75)
2016/01/05 15:59:13 [error] [php] Array to string conversion (/var/www/html/erp/protected/views/cliente/_form.php:39)
Stack trace:
#0 /var/www/html/yii_1_1_14/web/CController.php(869): ClienteController->renderFile()
#1 /var/www/html/erp/protected/views/cliente/create.php(18): ClienteController->renderPartial()
#2 /var/www/html/yii_1_1_14/web/CBaseController.php(126): require()
#3 /var/www/html/yii_1_1_14/web/CBaseController.php(95): ClienteController->renderInternal()
#4 /var/www/html/yii_1_1_14/web/CController.php(869): ClienteController->renderFile()
#5 /var/www/html/yii_1_1_14/web/CController.php(782): ClienteController->renderPartial()
#6 /var/www/html/erp/protected/controllers/ClienteController.php(75): ClienteController->render()
#7 /var/www/html/yii_1_1_14/web/actions/CInlineAction.php(49): ClienteController->actionCreate()
#8 /var/www/html/yii_1_1_14/web/CController.php(308): CInlineAction->runWithParams()
#9 /var/www/html/yii_1_1_14/web/filters/CFilterChain.php(133): ClienteController->runAction()
#10 /var/www/html/yii_1_1_14/web/filters/CFilter.php(40): CFilterChain->run()
#11 /var/www/html/yii_1_1_14/web/CController.php(1145): CAccessControlFilter->filter()
#12 /var/www/html/yii_1_1_14/web/filters/CInlineFilter.php(58): ClienteController->filterAccessControl()
#13 /var/www/html/yii_1_1_14/web/filters/CFilterChain.php(130): CInlineFilter->filter()
#14 /var/www/html/yii_1_1_14/web/CController.php(291): CFilterChain->run()
#15 /var/www/html/yii_1_1_14/web/CController.php(265): ClienteController->runActionWithFilters()
#16 /var/www/html/yii_1_1_14/web/CWebApplication.php(282): ClienteController->run()
#17 /var/www/html/yii_1_1_14/web/CWebApplication.php(141): CWebApplication->runController()
#18 /var/www/html/yii_1_1_14/base/CApplication.php(180): CWebApplication->processRequest()
#19 /var/www/html/erp/index.php(13): CWebApplication->run()
REQUEST_URI=/erp/index.php?r=cliente/create
in /var/www/html/erp/protected/views/cliente/_form.php (39)
in /var/www/html/erp/protected/views/cliente/create.php (18)
in /var/www/html/erp/protected/controllers/ClienteController.php (75)
2016/01/05 16:06:47 [error] [exception.CException] exception 'CException' with message 'The attribute must be specified in the format of "Name:Type:Label", where "Type" and "Label" are optional.' in /var/www/html/yii_1_1_14/zii/widgets/CDetailView.php:183
Stack trace:
#0 /var/www/html/yii_1_1_14/web/CBaseController.php(173): CDetailView->run()
#1 /var/www/html/erp/protected/views/cliente/view.php(36): CBaseController->widget('zii.widgets.CDe...', Array)
#2 /var/www/html/yii_1_1_14/web/CBaseController.php(126): require('/var/www/html/e...')
#3 /var/www/html/yii_1_1_14/web/CBaseController.php(95): CBaseController->renderInternal('/var/www/html/e...', Array, true)
#4 /var/www/html/yii_1_1_14/web/CController.php(869): CBaseController->renderFile('/var/www/html/e...', Array, true)
#5 /var/www/html/yii_1_1_14/web/CController.php(782): CController->renderPartial('view', Array, true)
#6 /var/www/html/erp/protected/controllers/ClienteController.php(53): CController->render('view', Array)
#7 [internal function]: ClienteController->actionView('3')
#8 /var/www/html/yii_1_1_14/web/actions/CAction.php(108): ReflectionMethod->invokeArgs(Object(ClienteController), Array)
#9 /var/www/html/yii_1_1_14/web/actions/CInlineAction.php(47): CAction->runWithParamsInternal(Object(ClienteController), Object(ReflectionMethod), Array)
#10 /var/www/html/yii_1_1_14/web/CController.php(308): CInlineAction->runWithParams(Array)
#11 /var/www/html/yii_1_1_14/web/filters/CFilterChain.php(133): CController->runAction(Object(CInlineAction))
#12 /var/www/html/yii_1_1_14/web/filters/CFilter.php(40): CFilterChain->run()
#13 /var/www/html/yii_1_1_14/web/CController.php(1145): CFilter->filter(Object(CFilterChain))
#14 /var/www/html/yii_1_1_14/web/filters/CInlineFilter.php(58): CController->filterAccessControl(Object(CFilterChain))
#15 /var/www/html/yii_1_1_14/web/filters/CFilterChain.php(130): CInlineFilter->filter(Object(CFilterChain))
#16 /var/www/html/yii_1_1_14/web/CController.php(291): CFilterChain->run()
#17 /var/www/html/yii_1_1_14/web/CController.php(265): CController->runActionWithFilters(Object(CInlineAction), Array)
#18 /var/www/html/yii_1_1_14/web/CWebApplication.php(282): CController->run('view')
#19 /var/www/html/yii_1_1_14/web/CWebApplication.php(141): CWebApplication->runController('cliente/view')
#20 /var/www/html/yii_1_1_14/base/CApplication.php(180): CWebApplication->processRequest()
#21 /var/www/html/erp/index.php(13): CApplication->run()
#22 {main}
REQUEST_URI=/erp/index.php?r=cliente/view&id=3
HTTP_REFERER=http://localhost/erp/index.php?r=cliente/create
---
2016/01/05 16:07:20 [error] [exception.CException] exception 'CException' with message 'The attribute must be specified in the format of "Name:Type:Label", where "Type" and "Label" are optional.' in /var/www/html/yii_1_1_14/zii/widgets/CDetailView.php:183
Stack trace:
#0 /var/www/html/yii_1_1_14/web/CBaseController.php(173): CDetailView->run()
#1 /var/www/html/erp/protected/views/cliente/view.php(36): CBaseController->widget('zii.widgets.CDe...', Array)
#2 /var/www/html/yii_1_1_14/web/CBaseController.php(126): require('/var/www/html/e...')
#3 /var/www/html/yii_1_1_14/web/CBaseController.php(95): CBaseController->renderInternal('/var/www/html/e...', Array, true)
#4 /var/www/html/yii_1_1_14/web/CController.php(869): CBaseController->renderFile('/var/www/html/e...', Array, true)
#5 /var/www/html/yii_1_1_14/web/CController.php(782): CController->renderPartial('view', Array, true)
#6 /var/www/html/erp/protected/controllers/ClienteController.php(53): CController->render('view', Array)
#7 [internal function]: ClienteController->actionView('3')
#8 /var/www/html/yii_1_1_14/web/actions/CAction.php(108): ReflectionMethod->invokeArgs(Object(ClienteController), Array)
#9 /var/www/html/yii_1_1_14/web/actions/CInlineAction.php(47): CAction->runWithParamsInternal(Object(ClienteController), Object(ReflectionMethod), Array)
#10 /var/www/html/yii_1_1_14/web/CController.php(308): CInlineAction->runWithParams(Array)
#11 /var/www/html/yii_1_1_14/web/filters/CFilterChain.php(133): CController->runAction(Object(CInlineAction))
#12 /var/www/html/yii_1_1_14/web/filters/CFilter.php(40): CFilterChain->run()
#13 /var/www/html/yii_1_1_14/web/CController.php(1145): CFilter->filter(Object(CFilterChain))
#14 /var/www/html/yii_1_1_14/web/filters/CInlineFilter.php(58): CController->filterAccessControl(Object(CFilterChain))
#15 /var/www/html/yii_1_1_14/web/filters/CFilterChain.php(130): CInlineFilter->filter(Object(CFilterChain))
#16 /var/www/html/yii_1_1_14/web/CController.php(291): CFilterChain->run()
#17 /var/www/html/yii_1_1_14/web/CController.php(265): CController->runActionWithFilters(Object(CInlineAction), Array)
#18 /var/www/html/yii_1_1_14/web/CWebApplication.php(282): CController->run('view')
#19 /var/www/html/yii_1_1_14/web/CWebApplication.php(141): CWebApplication->runController('cliente/view')
#20 /var/www/html/yii_1_1_14/base/CApplication.php(180): CWebApplication->processRequest()
#21 /var/www/html/erp/index.php(13): CApplication->run()
#22 {main}
REQUEST_URI=/erp/index.php?r=cliente/view&id=3
HTTP_REFERER=http://localhost/erp/index.php?r=cliente/create
---
2016/01/05 16:07:25 [error] [exception.CException] exception 'CException' with message 'The attribute must be specified in the format of "Name:Type:Label", where "Type" and "Label" are optional.' in /var/www/html/yii_1_1_14/zii/widgets/CDetailView.php:183
Stack trace:
#0 /var/www/html/yii_1_1_14/web/CBaseController.php(173): CDetailView->run()
#1 /var/www/html/erp/protected/views/cliente/view.php(36): CBaseController->widget('zii.widgets.CDe...', Array)
#2 /var/www/html/yii_1_1_14/web/CBaseController.php(126): require('/var/www/html/e...')
#3 /var/www/html/yii_1_1_14/web/CBaseController.php(95): CBaseController->renderInternal('/var/www/html/e...', Array, true)
#4 /var/www/html/yii_1_1_14/web/CController.php(869): CBaseController->renderFile('/var/www/html/e...', Array, true)
#5 /var/www/html/yii_1_1_14/web/CController.php(782): CController->renderPartial('view', Array, true)
#6 /var/www/html/erp/protected/controllers/ClienteController.php(53): CController->render('view', Array)
#7 [internal function]: ClienteController->actionView('3')
#8 /var/www/html/yii_1_1_14/web/actions/CAction.php(108): ReflectionMethod->invokeArgs(Object(ClienteController), Array)
#9 /var/www/html/yii_1_1_14/web/actions/CInlineAction.php(47): CAction->runWithParamsInternal(Object(ClienteController), Object(ReflectionMethod), Array)
#10 /var/www/html/yii_1_1_14/web/CController.php(308): CInlineAction->runWithParams(Array)
#11 /var/www/html/yii_1_1_14/web/filters/CFilterChain.php(133): CController->runAction(Object(CInlineAction))
#12 /var/www/html/yii_1_1_14/web/filters/CFilter.php(40): CFilterChain->run()
#13 /var/www/html/yii_1_1_14/web/CController.php(1145): CFilter->filter(Object(CFilterChain))
#14 /var/www/html/yii_1_1_14/web/filters/CInlineFilter.php(58): CController->filterAccessControl(Object(CFilterChain))
#15 /var/www/html/yii_1_1_14/web/filters/CFilterChain.php(130): CInlineFilter->filter(Object(CFilterChain))
#16 /var/www/html/yii_1_1_14/web/CController.php(291): CFilterChain->run()
#17 /var/www/html/yii_1_1_14/web/CController.php(265): CController->runActionWithFilters(Object(CInlineAction), Array)
#18 /var/www/html/yii_1_1_14/web/CWebApplication.php(282): CController->run('view')
#19 /var/www/html/yii_1_1_14/web/CWebApplication.php(141): CWebApplication->runController('cliente/view')
#20 /var/www/html/yii_1_1_14/base/CApplication.php(180): CWebApplication->processRequest()
#21 /var/www/html/erp/index.php(13): CApplication->run()
#22 {main}
REQUEST_URI=/erp/index.php?r=cliente/view&id=3
HTTP_REFERER=http://localhost/erp/index.php?r=cliente/create
---
2016/01/05 16:07:29 [error] [exception.CException] exception 'CException' with message 'The attribute must be specified in the format of "Name:Type:Label", where "Type" and "Label" are optional.' in /var/www/html/yii_1_1_14/zii/widgets/CDetailView.php:183
Stack trace:
#0 /var/www/html/yii_1_1_14/web/CBaseController.php(173): CDetailView->run()
#1 /var/www/html/erp/protected/views/cliente/view.php(36): CBaseController->widget('zii.widgets.CDe...', Array)
#2 /var/www/html/yii_1_1_14/web/CBaseController.php(126): require('/var/www/html/e...')
#3 /var/www/html/yii_1_1_14/web/CBaseController.php(95): CBaseController->renderInternal('/var/www/html/e...', Array, true)
#4 /var/www/html/yii_1_1_14/web/CController.php(869): CBaseController->renderFile('/var/www/html/e...', Array, true)
#5 /var/www/html/yii_1_1_14/web/CController.php(782): CController->renderPartial('view', Array, true)
#6 /var/www/html/erp/protected/controllers/ClienteController.php(53): CController->render('view', Array)
#7 [internal function]: ClienteController->actionView('3')
#8 /var/www/html/yii_1_1_14/web/actions/CAction.php(108): ReflectionMethod->invokeArgs(Object(ClienteController), Array)
#9 /var/www/html/yii_1_1_14/web/actions/CInlineAction.php(47): CAction->runWithParamsInternal(Object(ClienteController), Object(ReflectionMethod), Array)
#10 /var/www/html/yii_1_1_14/web/CController.php(308): CInlineAction->runWithParams(Array)
#11 /var/www/html/yii_1_1_14/web/filters/CFilterChain.php(133): CController->runAction(Object(CInlineAction))
#12 /var/www/html/yii_1_1_14/web/filters/CFilter.php(40): CFilterChain->run()
#13 /var/www/html/yii_1_1_14/web/CController.php(1145): CFilter->filter(Object(CFilterChain))
#14 /var/www/html/yii_1_1_14/web/filters/CInlineFilter.php(58): CController->filterAccessControl(Object(CFilterChain))
#15 /var/www/html/yii_1_1_14/web/filters/CFilterChain.php(130): CInlineFilter->filter(Object(CFilterChain))
#16 /var/www/html/yii_1_1_14/web/CController.php(291): CFilterChain->run()
#17 /var/www/html/yii_1_1_14/web/CController.php(265): CController->runActionWithFilters(Object(CInlineAction), Array)
#18 /var/www/html/yii_1_1_14/web/CWebApplication.php(282): CController->run('view')
#19 /var/www/html/yii_1_1_14/web/CWebApplication.php(141): CWebApplication->runController('cliente/view')
#20 /var/www/html/yii_1_1_14/base/CApplication.php(180): CWebApplication->processRequest()
#21 /var/www/html/erp/index.php(13): CApplication->run()
#22 {main}
REQUEST_URI=/erp/index.php?r=cliente/view&id=3
HTTP_REFERER=http://localhost/erp/index.php?r=cliente/create
---
2016/01/05 16:07:31 [error] [exception.CException] exception 'CException' with message 'The attribute must be specified in the format of "Name:Type:Label", where "Type" and "Label" are optional.' in /var/www/html/yii_1_1_14/zii/widgets/CDetailView.php:183
Stack trace:
#0 /var/www/html/yii_1_1_14/web/CBaseController.php(173): CDetailView->run()
#1 /var/www/html/erp/protected/views/cliente/view.php(36): CBaseController->widget('zii.widgets.CDe...', Array)
#2 /var/www/html/yii_1_1_14/web/CBaseController.php(126): require('/var/www/html/e...')
#3 /var/www/html/yii_1_1_14/web/CBaseController.php(95): CBaseController->renderInternal('/var/www/html/e...', Array, true)
#4 /var/www/html/yii_1_1_14/web/CController.php(869): CBaseController->renderFile('/var/www/html/e...', Array, true)
#5 /var/www/html/yii_1_1_14/web/CController.php(782): CController->renderPartial('view', Array, true)
#6 /var/www/html/erp/protected/controllers/ClienteController.php(53): CController->render('view', Array)
#7 [internal function]: ClienteController->actionView('3')
#8 /var/www/html/yii_1_1_14/web/actions/CAction.php(108): ReflectionMethod->invokeArgs(Object(ClienteController), Array)
#9 /var/www/html/yii_1_1_14/web/actions/CInlineAction.php(47): CAction->runWithParamsInternal(Object(ClienteController), Object(ReflectionMethod), Array)
#10 /var/www/html/yii_1_1_14/web/CController.php(308): CInlineAction->runWithParams(Array)
#11 /var/www/html/yii_1_1_14/web/filters/CFilterChain.php(133): CController->runAction(Object(CInlineAction))
#12 /var/www/html/yii_1_1_14/web/filters/CFilter.php(40): CFilterChain->run()
#13 /var/www/html/yii_1_1_14/web/CController.php(1145): CFilter->filter(Object(CFilterChain))
#14 /var/www/html/yii_1_1_14/web/filters/CInlineFilter.php(58): CController->filterAccessControl(Object(CFilterChain))
#15 /var/www/html/yii_1_1_14/web/filters/CFilterChain.php(130): CInlineFilter->filter(Object(CFilterChain))
#16 /var/www/html/yii_1_1_14/web/CController.php(291): CFilterChain->run()
#17 /var/www/html/yii_1_1_14/web/CController.php(265): CController->runActionWithFilters(Object(CInlineAction), Array)
#18 /var/www/html/yii_1_1_14/web/CWebApplication.php(282): CController->run('view')
#19 /var/www/html/yii_1_1_14/web/CWebApplication.php(141): CWebApplication->runController('cliente/view')
#20 /var/www/html/yii_1_1_14/base/CApplication.php(180): CWebApplication->processRequest()
#21 /var/www/html/erp/index.php(13): CApplication->run()
#22 {main}
REQUEST_URI=/erp/index.php?r=cliente/view&id=3
HTTP_REFERER=http://localhost/erp/index.php?r=cliente/create
---
2016/01/05 16:20:57 [error] [php] include(validarEmailDuplicado.php): failed to open stream: No such file or directory (/var/www/html/yii_1_1_14/YiiBase.php:427)
Stack trace:
#0 /var/www/html/yii_1_1_14/validators/CValidator.php(186): import()
#1 /var/www/html/yii_1_1_14/base/CModel.php(287): createValidator()
#2 /var/www/html/yii_1_1_14/base/CModel.php(260): Cliente->createValidators()
#3 /var/www/html/yii_1_1_14/base/CModel.php(304): Cliente->getValidators()
#4 /var/www/html/yii_1_1_14/web/helpers/CHtml.php(1414): Cliente->isAttributeRequired()
#5 /var/www/html/yii_1_1_14/web/widgets/CActiveForm.php(597): activeLabelEx()
#6 /var/www/html/erp/protected/views/cliente/_form.php(19): CActiveForm->labelEx()
#7 /var/www/html/yii_1_1_14/web/CBaseController.php(126): require()
#8 /var/www/html/yii_1_1_14/web/CBaseController.php(95): ClienteController->renderInternal()
#9 /var/www/html/yii_1_1_14/web/CController.php(869): ClienteController->renderFile()
#10 /var/www/html/erp/protected/views/cliente/create.php(18): ClienteController->renderPartial()
#11 /var/www/html/yii_1_1_14/web/CBaseController.php(126): require()
#12 /var/www/html/yii_1_1_14/web/CBaseController.php(95): ClienteController->renderInternal()
#13 /var/www/html/yii_1_1_14/web/CController.php(869): ClienteController->renderFile()
#14 /var/www/html/yii_1_1_14/web/CController.php(782): ClienteController->renderPartial()
#15 /var/www/html/erp/protected/controllers/ClienteController.php(75): ClienteController->render()
#16 /var/www/html/yii_1_1_14/web/actions/CInlineAction.php(49): ClienteController->actionCreate()
#17 /var/www/html/yii_1_1_14/web/CController.php(308): CInlineAction->runWithParams()
#18 /var/www/html/yii_1_1_14/web/filters/CFilterChain.php(133): ClienteController->runAction()
#19 /var/www/html/yii_1_1_14/web/filters/CFilter.php(40): CFilterChain->run()
#20 /var/www/html/yii_1_1_14/web/CController.php(1145): CAccessControlFilter->filter()
#21 /var/www/html/yii_1_1_14/web/filters/CInlineFilter.php(58): ClienteController->filterAccessControl()
#22 /var/www/html/yii_1_1_14/web/filters/CFilterChain.php(130): CInlineFilter->filter()
#23 /var/www/html/yii_1_1_14/web/CController.php(291): CFilterChain->run()
#24 /var/www/html/yii_1_1_14/web/CController.php(265): ClienteController->runActionWithFilters()
#25 /var/www/html/yii_1_1_14/web/CWebApplication.php(282): ClienteController->run()
#26 /var/www/html/yii_1_1_14/web/CWebApplication.php(141): CWebApplication->runController()
#27 /var/www/html/yii_1_1_14/base/CApplication.php(180): CWebApplication->processRequest()
#28 /var/www/html/erp/index.php(13): CWebApplication->run()
REQUEST_URI=/erp/index.php?r=cliente/create
in /var/www/html/erp/protected/views/cliente/_form.php (19)
in /var/www/html/erp/protected/views/cliente/create.php (18)
in /var/www/html/erp/protected/controllers/ClienteController.php (75)
2016/01/05 16:50:28 [error] [system.db.CDbCommand] Error in preparing SQL: CREATE TABLE `clientes_carros` (
	`id` int(11) NOT NULL AUTO_INCREMENT PRIMARY KEY  not null auto_increment,
	`placa` varchar(8) not null,
	`marca_carro_id` int(11),
	`cliente_id` int(11) not null,
	`observacao` textarea,
	`excluido` BOOLEAN DEFAULT FALSE
)
2016/01/05 16:50:28 [error] [system.db.CDbCommand] CDbCommand::execute() failed: CDbCommand failed to prepare the SQL statement: SQLSTATE[42000]: Syntax error or access violation: 1064 You have an error in your SQL syntax; check the manual that corresponds to your MySQL server version for the right syntax to use near 'textarea,
	`excluido` BOOLEAN DEFAULT FALSE
)' at line 6. The SQL statement executed was: CREATE TABLE `clientes_carros` (
	`id` int(11) NOT NULL AUTO_INCREMENT PRIMARY KEY  not null auto_increment,
	`placa` varchar(8) not null,
	`marca_carro_id` int(11),
	`cliente_id` int(11) not null,
	`observacao` textarea,
	`excluido` BOOLEAN DEFAULT FALSE
).
2016/01/05 17:19:38 [error] [php] include(ClienteCarroHelper.php): failed to open stream: No such file or directory (/var/www/html/yii_1_1_14/YiiBase.php:427)
Stack trace:
#0 /var/www/html/erp/protected/views/cliente/view.php(44): spl_autoload_call()
#1 /var/www/html/yii_1_1_14/web/CBaseController.php(126): require()
#2 /var/www/html/yii_1_1_14/web/CBaseController.php(95): ClienteController->renderInternal()
#3 /var/www/html/yii_1_1_14/web/CController.php(869): ClienteController->renderFile()
#4 /var/www/html/yii_1_1_14/web/CController.php(782): ClienteController->renderPartial()
#5 /var/www/html/erp/protected/controllers/ClienteController.php(58): ClienteController->render()
#6 unknown(0): ClienteController->actionView()
#7 /var/www/html/yii_1_1_14/web/actions/CAction.php(108): ReflectionMethod->invokeArgs()
#8 /var/www/html/yii_1_1_14/web/actions/CInlineAction.php(47): CInlineAction->runWithParamsInternal()
#9 /var/www/html/yii_1_1_14/web/CController.php(308): CInlineAction->runWithParams()
#10 /var/www/html/yii_1_1_14/web/filters/CFilterChain.php(133): ClienteController->runAction()
#11 /var/www/html/yii_1_1_14/web/filters/CFilter.php(40): CFilterChain->run()
#12 /var/www/html/yii_1_1_14/web/CController.php(1145): CAccessControlFilter->filter()
#13 /var/www/html/yii_1_1_14/web/filters/CInlineFilter.php(58): ClienteController->filterAccessControl()
#14 /var/www/html/yii_1_1_14/web/filters/CFilterChain.php(130): CInlineFilter->filter()
#15 /var/www/html/yii_1_1_14/web/CController.php(291): CFilterChain->run()
#16 /var/www/html/yii_1_1_14/web/CController.php(265): ClienteController->runActionWithFilters()
#17 /var/www/html/yii_1_1_14/web/CWebApplication.php(282): ClienteController->run()
#18 /var/www/html/yii_1_1_14/web/CWebApplication.php(141): CWebApplication->runController()
#19 /var/www/html/yii_1_1_14/base/CApplication.php(180): CWebApplication->processRequest()
#20 /var/www/html/erp/index.php(13): CWebApplication->run()
REQUEST_URI=/erp/index.php?r=cliente/view&id=6
in /var/www/html/erp/protected/views/cliente/view.php (44)
in /var/www/html/erp/protected/controllers/ClienteController.php (58)
in /var/www/html/erp/index.php (13)
2016/01/05 17:20:18 [error] [php] include(ClienteCarroHelper.php): failed to open stream: No such file or directory (/var/www/html/yii_1_1_14/YiiBase.php:427)
Stack trace:
#0 /var/www/html/erp/protected/views/cliente/view.php(44): spl_autoload_call()
#1 /var/www/html/yii_1_1_14/web/CBaseController.php(126): require()
#2 /var/www/html/yii_1_1_14/web/CBaseController.php(95): ClienteController->renderInternal()
#3 /var/www/html/yii_1_1_14/web/CController.php(869): ClienteController->renderFile()
#4 /var/www/html/yii_1_1_14/web/CController.php(782): ClienteController->renderPartial()
#5 /var/www/html/erp/protected/controllers/ClienteController.php(58): ClienteController->render()
#6 unknown(0): ClienteController->actionView()
#7 /var/www/html/yii_1_1_14/web/actions/CAction.php(108): ReflectionMethod->invokeArgs()
#8 /var/www/html/yii_1_1_14/web/actions/CInlineAction.php(47): CInlineAction->runWithParamsInternal()
#9 /var/www/html/yii_1_1_14/web/CController.php(308): CInlineAction->runWithParams()
#10 /var/www/html/yii_1_1_14/web/filters/CFilterChain.php(133): ClienteController->runAction()
#11 /var/www/html/yii_1_1_14/web/filters/CFilter.php(40): CFilterChain->run()
#12 /var/www/html/yii_1_1_14/web/CController.php(1145): CAccessControlFilter->filter()
#13 /var/www/html/yii_1_1_14/web/filters/CInlineFilter.php(58): ClienteController->filterAccessControl()
#14 /var/www/html/yii_1_1_14/web/filters/CFilterChain.php(130): CInlineFilter->filter()
#15 /var/www/html/yii_1_1_14/web/CController.php(291): CFilterChain->run()
#16 /var/www/html/yii_1_1_14/web/CController.php(265): ClienteController->runActionWithFilters()
#17 /var/www/html/yii_1_1_14/web/CWebApplication.php(282): ClienteController->run()
#18 /var/www/html/yii_1_1_14/web/CWebApplication.php(141): CWebApplication->runController()
#19 /var/www/html/yii_1_1_14/base/CApplication.php(180): CWebApplication->processRequest()
#20 /var/www/html/erp/index.php(13): CWebApplication->run()
REQUEST_URI=/erp/index.php?r=cliente/view&id=6
in /var/www/html/erp/protected/views/cliente/view.php (44)
in /var/www/html/erp/protected/controllers/ClienteController.php (58)
in /var/www/html/erp/index.php (13)
2016/01/05 17:21:17 [error] [php] include(ClienteCarroHelper.php): failed to open stream: No such file or directory (/var/www/html/yii_1_1_14/YiiBase.php:427)
Stack trace:
#0 /var/www/html/erp/protected/views/cliente/view.php(44): spl_autoload_call()
#1 /var/www/html/yii_1_1_14/web/CBaseController.php(126): require()
#2 /var/www/html/yii_1_1_14/web/CBaseController.php(95): ClienteController->renderInternal()
#3 /var/www/html/yii_1_1_14/web/CController.php(869): ClienteController->renderFile()
#4 /var/www/html/yii_1_1_14/web/CController.php(782): ClienteController->renderPartial()
#5 /var/www/html/erp/protected/controllers/ClienteController.php(58): ClienteController->render()
#6 unknown(0): ClienteController->actionView()
#7 /var/www/html/yii_1_1_14/web/actions/CAction.php(108): ReflectionMethod->invokeArgs()
#8 /var/www/html/yii_1_1_14/web/actions/CInlineAction.php(47): CInlineAction->runWithParamsInternal()
#9 /var/www/html/yii_1_1_14/web/CController.php(308): CInlineAction->runWithParams()
#10 /var/www/html/yii_1_1_14/web/filters/CFilterChain.php(133): ClienteController->runAction()
#11 /var/www/html/yii_1_1_14/web/filters/CFilter.php(40): CFilterChain->run()
#12 /var/www/html/yii_1_1_14/web/CController.php(1145): CAccessControlFilter->filter()
#13 /var/www/html/yii_1_1_14/web/filters/CInlineFilter.php(58): ClienteController->filterAccessControl()
#14 /var/www/html/yii_1_1_14/web/filters/CFilterChain.php(130): CInlineFilter->filter()
#15 /var/www/html/yii_1_1_14/web/CController.php(291): CFilterChain->run()
#16 /var/www/html/yii_1_1_14/web/CController.php(265): ClienteController->runActionWithFilters()
#17 /var/www/html/yii_1_1_14/web/CWebApplication.php(282): ClienteController->run()
#18 /var/www/html/yii_1_1_14/web/CWebApplication.php(141): CWebApplication->runController()
#19 /var/www/html/yii_1_1_14/base/CApplication.php(180): CWebApplication->processRequest()
#20 /var/www/html/erp/index.php(13): CWebApplication->run()
REQUEST_URI=/erp/index.php?r=cliente/view&id=6
in /var/www/html/erp/protected/views/cliente/view.php (44)
in /var/www/html/erp/protected/controllers/ClienteController.php (58)
in /var/www/html/erp/index.php (13)
2016/01/05 17:22:05 [error] [php] include(ClienteCarroHelper.php): failed to open stream: No such file or directory (/var/www/html/yii_1_1_14/YiiBase.php:427)
Stack trace:
#0 /var/www/html/erp/protected/views/cliente/view.php(44): spl_autoload_call()
#1 /var/www/html/yii_1_1_14/web/CBaseController.php(126): require()
#2 /var/www/html/yii_1_1_14/web/CBaseController.php(95): ClienteController->renderInternal()
#3 /var/www/html/yii_1_1_14/web/CController.php(869): ClienteController->renderFile()
#4 /var/www/html/yii_1_1_14/web/CController.php(782): ClienteController->renderPartial()
#5 /var/www/html/erp/protected/controllers/ClienteController.php(58): ClienteController->render()
#6 unknown(0): ClienteController->actionView()
#7 /var/www/html/yii_1_1_14/web/actions/CAction.php(108): ReflectionMethod->invokeArgs()
#8 /var/www/html/yii_1_1_14/web/actions/CInlineAction.php(47): CInlineAction->runWithParamsInternal()
#9 /var/www/html/yii_1_1_14/web/CController.php(308): CInlineAction->runWithParams()
#10 /var/www/html/yii_1_1_14/web/filters/CFilterChain.php(133): ClienteController->runAction()
#11 /var/www/html/yii_1_1_14/web/filters/CFilter.php(40): CFilterChain->run()
#12 /var/www/html/yii_1_1_14/web/CController.php(1145): CAccessControlFilter->filter()
#13 /var/www/html/yii_1_1_14/web/filters/CInlineFilter.php(58): ClienteController->filterAccessControl()
#14 /var/www/html/yii_1_1_14/web/filters/CFilterChain.php(130): CInlineFilter->filter()
#15 /var/www/html/yii_1_1_14/web/CController.php(291): CFilterChain->run()
#16 /var/www/html/yii_1_1_14/web/CController.php(265): ClienteController->runActionWithFilters()
#17 /var/www/html/yii_1_1_14/web/CWebApplication.php(282): ClienteController->run()
#18 /var/www/html/yii_1_1_14/web/CWebApplication.php(141): CWebApplication->runController()
#19 /var/www/html/yii_1_1_14/base/CApplication.php(180): CWebApplication->processRequest()
#20 /var/www/html/erp/index.php(13): CWebApplication->run()
REQUEST_URI=/erp/index.php?r=cliente/view&id=6
in /var/www/html/erp/protected/views/cliente/view.php (44)
in /var/www/html/erp/protected/controllers/ClienteController.php (58)
in /var/www/html/erp/index.php (13)
2016/01/05 17:23:38 [error] [php] include(ClienteCarroHelper.php): failed to open stream: No such file or directory (/var/www/html/yii_1_1_14/YiiBase.php:427)
Stack trace:
#0 /var/www/html/erp/protected/views/cliente/view.php(44): spl_autoload_call()
#1 /var/www/html/yii_1_1_14/web/CBaseController.php(126): require()
#2 /var/www/html/yii_1_1_14/web/CBaseController.php(95): ClienteController->renderInternal()
#3 /var/www/html/yii_1_1_14/web/CController.php(869): ClienteController->renderFile()
#4 /var/www/html/yii_1_1_14/web/CController.php(782): ClienteController->renderPartial()
#5 /var/www/html/erp/protected/controllers/ClienteController.php(58): ClienteController->render()
#6 unknown(0): ClienteController->actionView()
#7 /var/www/html/yii_1_1_14/web/actions/CAction.php(108): ReflectionMethod->invokeArgs()
#8 /var/www/html/yii_1_1_14/web/actions/CInlineAction.php(47): CInlineAction->runWithParamsInternal()
#9 /var/www/html/yii_1_1_14/web/CController.php(308): CInlineAction->runWithParams()
#10 /var/www/html/yii_1_1_14/web/filters/CFilterChain.php(133): ClienteController->runAction()
#11 /var/www/html/yii_1_1_14/web/filters/CFilter.php(40): CFilterChain->run()
#12 /var/www/html/yii_1_1_14/web/CController.php(1145): CAccessControlFilter->filter()
#13 /var/www/html/yii_1_1_14/web/filters/CInlineFilter.php(58): ClienteController->filterAccessControl()
#14 /var/www/html/yii_1_1_14/web/filters/CFilterChain.php(130): CInlineFilter->filter()
#15 /var/www/html/yii_1_1_14/web/CController.php(291): CFilterChain->run()
#16 /var/www/html/yii_1_1_14/web/CController.php(265): ClienteController->runActionWithFilters()
#17 /var/www/html/yii_1_1_14/web/CWebApplication.php(282): ClienteController->run()
#18 /var/www/html/yii_1_1_14/web/CWebApplication.php(141): CWebApplication->runController()
#19 /var/www/html/yii_1_1_14/base/CApplication.php(180): CWebApplication->processRequest()
#20 /var/www/html/erp/index.php(13): CWebApplication->run()
REQUEST_URI=/erp/index.php?r=cliente/view&id=6
in /var/www/html/erp/protected/views/cliente/view.php (44)
in /var/www/html/erp/protected/controllers/ClienteController.php (58)
in /var/www/html/erp/index.php (13)
2016/01/05 17:25:50 [error] [php] include(ClienteCarroHelper.php): failed to open stream: No such file or directory (/var/www/html/yii_1_1_14/YiiBase.php:427)
Stack trace:
#0 /var/www/html/erp/protected/views/cliente/view.php(44): spl_autoload_call()
#1 /var/www/html/yii_1_1_14/web/CBaseController.php(126): require()
#2 /var/www/html/yii_1_1_14/web/CBaseController.php(95): ClienteController->renderInternal()
#3 /var/www/html/yii_1_1_14/web/CController.php(869): ClienteController->renderFile()
#4 /var/www/html/yii_1_1_14/web/CController.php(782): ClienteController->renderPartial()
#5 /var/www/html/erp/protected/controllers/ClienteController.php(58): ClienteController->render()
#6 unknown(0): ClienteController->actionView()
#7 /var/www/html/yii_1_1_14/web/actions/CAction.php(108): ReflectionMethod->invokeArgs()
#8 /var/www/html/yii_1_1_14/web/actions/CInlineAction.php(47): CInlineAction->runWithParamsInternal()
#9 /var/www/html/yii_1_1_14/web/CController.php(308): CInlineAction->runWithParams()
#10 /var/www/html/yii_1_1_14/web/filters/CFilterChain.php(133): ClienteController->runAction()
#11 /var/www/html/yii_1_1_14/web/filters/CFilter.php(40): CFilterChain->run()
#12 /var/www/html/yii_1_1_14/web/CController.php(1145): CAccessControlFilter->filter()
#13 /var/www/html/yii_1_1_14/web/filters/CInlineFilter.php(58): ClienteController->filterAccessControl()
#14 /var/www/html/yii_1_1_14/web/filters/CFilterChain.php(130): CInlineFilter->filter()
#15 /var/www/html/yii_1_1_14/web/CController.php(291): CFilterChain->run()
#16 /var/www/html/yii_1_1_14/web/CController.php(265): ClienteController->runActionWithFilters()
#17 /var/www/html/yii_1_1_14/web/CWebApplication.php(282): ClienteController->run()
#18 /var/www/html/yii_1_1_14/web/CWebApplication.php(141): CWebApplication->runController()
#19 /var/www/html/yii_1_1_14/base/CApplication.php(180): CWebApplication->processRequest()
#20 /var/www/html/erp/index.php(13): CWebApplication->run()
REQUEST_URI=/erp/index.php?r=cliente/view&id=6
in /var/www/html/erp/protected/views/cliente/view.php (44)
in /var/www/html/erp/protected/controllers/ClienteController.php (58)
in /var/www/html/erp/index.php (13)
2016/01/05 17:26:31 [error] [php] include(ClienteCarroHelper.php): failed to open stream: No such file or directory (/var/www/html/yii_1_1_14/YiiBase.php:427)
Stack trace:
#0 /var/www/html/erp/protected/views/cliente/view.php(44): spl_autoload_call()
#1 /var/www/html/yii_1_1_14/web/CBaseController.php(126): require()
#2 /var/www/html/yii_1_1_14/web/CBaseController.php(95): ClienteController->renderInternal()
#3 /var/www/html/yii_1_1_14/web/CController.php(869): ClienteController->renderFile()
#4 /var/www/html/yii_1_1_14/web/CController.php(782): ClienteController->renderPartial()
#5 /var/www/html/erp/protected/controllers/ClienteController.php(58): ClienteController->render()
#6 unknown(0): ClienteController->actionView()
#7 /var/www/html/yii_1_1_14/web/actions/CAction.php(108): ReflectionMethod->invokeArgs()
#8 /var/www/html/yii_1_1_14/web/actions/CInlineAction.php(47): CInlineAction->runWithParamsInternal()
#9 /var/www/html/yii_1_1_14/web/CController.php(308): CInlineAction->runWithParams()
#10 /var/www/html/yii_1_1_14/web/filters/CFilterChain.php(133): ClienteController->runAction()
#11 /var/www/html/yii_1_1_14/web/filters/CFilter.php(40): CFilterChain->run()
#12 /var/www/html/yii_1_1_14/web/CController.php(1145): CAccessControlFilter->filter()
#13 /var/www/html/yii_1_1_14/web/filters/CInlineFilter.php(58): ClienteController->filterAccessControl()
#14 /var/www/html/yii_1_1_14/web/filters/CFilterChain.php(130): CInlineFilter->filter()
#15 /var/www/html/yii_1_1_14/web/CController.php(291): CFilterChain->run()
#16 /var/www/html/yii_1_1_14/web/CController.php(265): ClienteController->runActionWithFilters()
#17 /var/www/html/yii_1_1_14/web/CWebApplication.php(282): ClienteController->run()
#18 /var/www/html/yii_1_1_14/web/CWebApplication.php(141): CWebApplication->runController()
#19 /var/www/html/yii_1_1_14/base/CApplication.php(180): CWebApplication->processRequest()
#20 /var/www/html/erp/index.php(13): CWebApplication->run()
REQUEST_URI=/erp/index.php?r=cliente/view&id=6
in /var/www/html/erp/protected/views/cliente/view.php (44)
in /var/www/html/erp/protected/controllers/ClienteController.php (58)
in /var/www/html/erp/index.php (13)
